Flow report for ProjetVhDL
Fri Mar  6 14:40:41 2020
Quartus Prime Version 19.1.0 Build 670 09/22/2019 SJ Lite Edition


---------------------
; Table of Contents ;
---------------------
  1. Legal Notice
  2. Flow Summary
  3. Flow Settings
  4. Flow Non-Default Global Settings
  5. Flow Elapsed Time
  6. Flow OS Summary
  7. Flow Log
  8. Flow Messages
  9. Flow Suppressed Messages



----------------
; Legal Notice ;
----------------
Copyright (C) 2019  Intel Corporation. All rights reserved.
Your use of Intel Corporation's design tools, logic functions 
and other software and tools, and any partner logic 
functions, and any output files from any of the foregoing 
(including device programming or simulation files), and any 
associated documentation or information are expressly subject 
to the terms and conditions of the Intel Program License 
Subscription Agreement, the Intel Quartus Prime License Agreement,
the Intel FPGA IP License Agreement, or other applicable license
agreement, including, without limitation, that your use is for
the sole purpose of programming logic devices manufactured by
Intel and sold by Intel or its authorized distributors.  Please
refer to the applicable agreement for further details, at
https://fpgasoftware.intel.com/eula.



+----------------------------------------------------------------------------------+
; Flow Summary                                                                     ;
+------------------------------------+---------------------------------------------+
; Flow Status                        ; Successful - Fri Mar  6 14:40:41 2020       ;
; Quartus Prime Version              ; 19.1.0 Build 670 09/22/2019 SJ Lite Edition ;
; Revision Name                      ; ProjetVhDL                                  ;
; Top-level Entity Name              ; top                                         ;
; Family                             ; MAX 10                                      ;
; Device                             ; 10M25DAF484C7G                              ;
; Timing Models                      ; Final                                       ;
; Total logic elements               ; 169 / 24,960 ( < 1 % )                      ;
;     Total combinational functions  ; 161 / 24,960 ( < 1 % )                      ;
;     Dedicated logic registers      ; 61 / 24,960 ( < 1 % )                       ;
; Total registers                    ; 61                                          ;
; Total pins                         ; 44 / 360 ( 12 % )                           ;
; Total virtual pins                 ; 0                                           ;
; Total memory bits                  ; 0 / 691,200 ( 0 % )                         ;
; Embedded Multiplier 9-bit elements ; 0 / 110 ( 0 % )                             ;
; Total PLLs                         ; 0 / 4 ( 0 % )                               ;
; UFM blocks                         ; 0 / 1 ( 0 % )                               ;
; ADC blocks                         ; 0 / 2 ( 0 % )                               ;
+------------------------------------+---------------------------------------------+


+-----------------------------------------+
; Flow Settings                           ;
+-------------------+---------------------+
; Option            ; Setting             ;
+-------------------+---------------------+
; Start date & time ; 03/06/2020 14:40:20 ;
; Main task         ; Compilation         ;
; Revision Name     ; ProjetVhDL          ;
+-------------------+---------------------+


+-----------------------------------------------------------------------------------------------------------------------------------+
; Flow Non-Default Global Settings                                                                                                  ;
+-------------------------------------+----------------------------------------+---------------+-------------+----------------------+
; Assignment Name                     ; Value                                  ; Default Value ; Entity Name ; Section Id           ;
+-------------------------------------+----------------------------------------+---------------+-------------+----------------------+
; COMPILER_SIGNATURE_ID               ; 143529034249.158350202007559           ; --            ; --          ; --                   ;
; EDA_DESIGN_ENTRY_SYNTHESIS_TOOL     ; Synplify Pro                           ; <None>        ; --          ; --                   ;
; EDA_INPUT_DATA_FORMAT               ; Vqm                                    ; --            ; --          ; eda_design_synthesis ;
; EDA_LMF_FILE                        ; synplcty.lmf                           ; --            ; --          ; eda_design_synthesis ;
; EDA_OUTPUT_DATA_FORMAT              ; Vhdl                                   ; --            ; --          ; eda_simulation       ;
; EDA_SIMULATION_TOOL                 ; ModelSim-Altera (VHDL)                 ; <None>        ; --          ; --                   ;
; EDA_TIME_SCALE                      ; 1 ps                                   ; --            ; --          ; eda_simulation       ;
; MAX_CORE_JUNCTION_TEMP              ; 85                                     ; --            ; --          ; --                   ;
; MIN_CORE_JUNCTION_TEMP              ; 0                                      ; --            ; --          ; --                   ;
; PARTITION_COLOR                     ; -- (Not supported for targeted family) ; --            ; top         ; Top                  ;
; PARTITION_FITTER_PRESERVATION_LEVEL ; -- (Not supported for targeted family) ; --            ; top         ; Top                  ;
; PARTITION_NETLIST_TYPE              ; -- (Not supported for targeted family) ; --            ; top         ; Top                  ;
; PROJECT_OUTPUT_DIRECTORY            ; output_files                           ; --            ; --          ; --                   ;
; TOP_LEVEL_ENTITY                    ; top                                    ; ProjetVhDL    ; --          ; --                   ;
+-------------------------------------+----------------------------------------+---------------+-------------+----------------------+


+--------------------------------------------------------------------------------------------------------------------------+
; Flow Elapsed Time                                                                                                        ;
+----------------------+--------------+-------------------------+---------------------+------------------------------------+
; Module Name          ; Elapsed Time ; Average Processors Used ; Peak Virtual Memory ; Total CPU Time (on all processors) ;
+----------------------+--------------+-------------------------+---------------------+------------------------------------+
; Analysis & Synthesis ; 00:00:10     ; 1.0                     ; 925 MB              ; 00:00:23                           ;
; Fitter               ; 00:00:06     ; 1.0                     ; 1577 MB             ; 00:00:08                           ;
; Assembler            ; 00:00:02     ; 1.0                     ; 820 MB              ; 00:00:02                           ;
; Timing Analyzer      ; 00:00:02     ; 1.1                     ; 852 MB              ; 00:00:02                           ;
; EDA Netlist Writer   ; 00:00:00     ; 1.0                     ; 1036 MB             ; 00:00:00                           ;
; Total                ; 00:00:20     ; --                      ; --                  ; 00:00:35                           ;
+----------------------+--------------+-------------------------+---------------------+------------------------------------+


+----------------------------------------------------------------------------------------+
; Flow OS Summary                                                                        ;
+----------------------+--------------------+--------------+------------+----------------+
; Module Name          ; Machine Hostname   ; OS Name      ; OS Version ; Processor type ;
+----------------------+--------------------+--------------+------------+----------------+
; Analysis & Synthesis ; benoit-Vostro-5471 ; Ubuntu 19.04 ; 19         ; x86_64         ;
; Fitter               ; benoit-Vostro-5471 ; Ubuntu 19.04 ; 19         ; x86_64         ;
; Assembler            ; benoit-Vostro-5471 ; Ubuntu 19.04 ; 19         ; x86_64         ;
; Timing Analyzer      ; benoit-Vostro-5471 ; Ubuntu 19.04 ; 19         ; x86_64         ;
; EDA Netlist Writer   ; benoit-Vostro-5471 ; Ubuntu 19.04 ; 19         ; x86_64         ;
+----------------------+--------------------+--------------+------------+----------------+


------------
; Flow Log ;
------------
quartus_map --read_settings_files=on --write_settings_files=off ProjetVhDL -c ProjetVhDL
quartus_fit --read_settings_files=off --write_settings_files=off ProjetVhDL -c ProjetVhDL
quartus_asm --read_settings_files=off --write_settings_files=off ProjetVhDL -c ProjetVhDL
quartus_sta ProjetVhDL -c ProjetVhDL
quartus_eda --read_settings_files=off --write_settings_files=off ProjetVhDL -c ProjetVhDL



